0 info it worked if it ends with ok
1 verbose cli [ '/usr/local/Cellar/node/7.7.1_1/bin/node',
1 verbose cli   '/usr/local/bin/npm',
1 verbose cli   'install',
1 verbose cli   'babel-preset-env',
1 verbose cli   '--save-dev. {',
1 verbose cli   'presets:',
1 verbose cli   '[latest]',
1 verbose cli   '} to {',
1 verbose cli   'presets:',
1 verbose cli   '[env]',
1 verbose cli   '}' ]
2 info using npm@4.1.2
3 info using node@v7.7.1
4 silly loadCurrentTree Starting
5 silly install loadCurrentTree
6 silly install readLocalPackageData
7 silly fetchPackageMetaData babel-preset-env
8 silly fetchPackageMetaData presets:
9 silly fetchPackageMetaData [latest]
10 silly fetchPackageMetaData } to {
11 silly fetchPackageMetaData presets:
12 silly fetchPackageMetaData [env]
13 silly fetchPackageMetaData }
14 silly fetchPackageMetaData Error: Unsupported URL Type: presets:
14 silly fetchPackageMetaData     at parseUrl (/usr/local/lib/node_modules/npm/node_modules/npm-package-arg/npa.js:186:13)
14 silly fetchPackageMetaData     at npa (/usr/local/lib/node_modules/npm/node_modules/npm-package-arg/npa.js:79:12)
14 silly fetchPackageMetaData     at module.exports (/usr/local/lib/node_modules/npm/node_modules/realize-package-specifier/index.js:12:15)
14 silly fetchPackageMetaData     at fetchPackageMetadata (/usr/local/lib/node_modules/npm/lib/fetch-package-metadata.js:55:12)
14 silly fetchPackageMetaData     at fetchMetadataWithVersion (/usr/local/lib/node_modules/npm/lib/install/deps.js:232:14)
14 silly fetchPackageMetaData     at /usr/local/lib/node_modules/npm/lib/install/deps.js:245:16
14 silly fetchPackageMetaData     at /usr/local/lib/node_modules/npm/node_modules/slide/lib/async-map.js:52:35
14 silly fetchPackageMetaData     at Array.forEach (native)
14 silly fetchPackageMetaData     at /usr/local/lib/node_modules/npm/node_modules/slide/lib/async-map.js:52:11
14 silly fetchPackageMetaData     at Array.forEach (native)
14 silly fetchPackageMetaData  error for presets: Error: Unsupported URL Type: presets:
14 silly fetchPackageMetaData     at parseUrl (/usr/local/lib/node_modules/npm/node_modules/npm-package-arg/npa.js:186:13)
14 silly fetchPackageMetaData     at npa (/usr/local/lib/node_modules/npm/node_modules/npm-package-arg/npa.js:79:12)
14 silly fetchPackageMetaData     at module.exports (/usr/local/lib/node_modules/npm/node_modules/realize-package-specifier/index.js:12:15)
14 silly fetchPackageMetaData     at fetchPackageMetadata (/usr/local/lib/node_modules/npm/lib/fetch-package-metadata.js:55:12)
14 silly fetchPackageMetaData     at fetchMetadataWithVersion (/usr/local/lib/node_modules/npm/lib/install/deps.js:232:14)
14 silly fetchPackageMetaData     at /usr/local/lib/node_modules/npm/lib/install/deps.js:245:16
14 silly fetchPackageMetaData     at /usr/local/lib/node_modules/npm/node_modules/slide/lib/async-map.js:52:35
14 silly fetchPackageMetaData     at Array.forEach (native)
14 silly fetchPackageMetaData     at /usr/local/lib/node_modules/npm/node_modules/slide/lib/async-map.js:52:11
14 silly fetchPackageMetaData     at Array.forEach (native)
15 silly fetchPackageMetaData Error: Unsupported URL Type: presets:
15 silly fetchPackageMetaData     at parseUrl (/usr/local/lib/node_modules/npm/node_modules/npm-package-arg/npa.js:186:13)
15 silly fetchPackageMetaData     at npa (/usr/local/lib/node_modules/npm/node_modules/npm-package-arg/npa.js:79:12)
15 silly fetchPackageMetaData     at module.exports (/usr/local/lib/node_modules/npm/node_modules/realize-package-specifier/index.js:12:15)
15 silly fetchPackageMetaData     at fetchPackageMetadata (/usr/local/lib/node_modules/npm/lib/fetch-package-metadata.js:55:12)
15 silly fetchPackageMetaData     at fetchMetadataWithVersion (/usr/local/lib/node_modules/npm/lib/install/deps.js:232:14)
15 silly fetchPackageMetaData     at /usr/local/lib/node_modules/npm/lib/install/deps.js:245:16
15 silly fetchPackageMetaData     at /usr/local/lib/node_modules/npm/node_modules/slide/lib/async-map.js:52:35
15 silly fetchPackageMetaData     at Array.forEach (native)
15 silly fetchPackageMetaData     at /usr/local/lib/node_modules/npm/node_modules/slide/lib/async-map.js:52:11
15 silly fetchPackageMetaData     at Array.forEach (native)
15 silly fetchPackageMetaData  error for presets: Error: Unsupported URL Type: presets:
15 silly fetchPackageMetaData     at parseUrl (/usr/local/lib/node_modules/npm/node_modules/npm-package-arg/npa.js:186:13)
15 silly fetchPackageMetaData     at npa (/usr/local/lib/node_modules/npm/node_modules/npm-package-arg/npa.js:79:12)
15 silly fetchPackageMetaData     at module.exports (/usr/local/lib/node_modules/npm/node_modules/realize-package-specifier/index.js:12:15)
15 silly fetchPackageMetaData     at fetchPackageMetadata (/usr/local/lib/node_modules/npm/lib/fetch-package-metadata.js:55:12)
15 silly fetchPackageMetaData     at fetchMetadataWithVersion (/usr/local/lib/node_modules/npm/lib/install/deps.js:232:14)
15 silly fetchPackageMetaData     at /usr/local/lib/node_modules/npm/lib/install/deps.js:245:16
15 silly fetchPackageMetaData     at /usr/local/lib/node_modules/npm/node_modules/slide/lib/async-map.js:52:35
15 silly fetchPackageMetaData     at Array.forEach (native)
15 silly fetchPackageMetaData     at /usr/local/lib/node_modules/npm/node_modules/slide/lib/async-map.js:52:11
15 silly fetchPackageMetaData     at Array.forEach (native)
16 silly fetchNamedPackageData babel-preset-env
17 silly mapToRegistry name babel-preset-env
18 silly mapToRegistry using default registry
19 silly mapToRegistry registry https://registry.npmjs.org/
20 silly mapToRegistry data Result {
20 silly mapToRegistry   raw: 'babel-preset-env',
20 silly mapToRegistry   scope: null,
20 silly mapToRegistry   escapedName: 'babel-preset-env',
20 silly mapToRegistry   name: 'babel-preset-env',
20 silly mapToRegistry   rawSpec: '',
20 silly mapToRegistry   spec: 'latest',
20 silly mapToRegistry   type: 'tag' }
21 silly mapToRegistry uri https://registry.npmjs.org/babel-preset-env
22 silly fetchOtherPackageData [latest]
23 silly cache add args [ '[latest]', null ]
24 verbose cache add spec [latest]
25 silly fetchOtherPackageData } to {
26 silly cache add args [ '} to {', null ]
27 verbose cache add spec } to {
28 silly fetchOtherPackageData [env]
29 silly cache add args [ '[env]', null ]
30 verbose cache add spec [env]
31 silly fetchOtherPackageData }
32 silly cache add args [ '}', null ]
33 verbose cache add spec }
34 silly cache add parsed spec Result {
34 silly cache add   raw: '[latest]',
34 silly cache add   scope: null,
34 silly cache add   escapedName: null,
34 silly cache add   name: null,
34 silly cache add   rawSpec: '[latest]',
34 silly cache add   spec: '/Users/rafa/GitHub/mappeat_v2/mappeat/pruebas_node/[latest]',
34 silly cache add   type: 'local' }
35 silly cache add parsed spec Result {
35 silly cache add   raw: '} to {',
35 silly cache add   scope: null,
35 silly cache add   escapedName: null,
35 silly cache add   name: null,
35 silly cache add   rawSpec: '} to {',
35 silly cache add   spec: '/Users/rafa/GitHub/mappeat_v2/mappeat/pruebas_node/} to {',
35 silly cache add   type: 'local' }
36 silly cache add parsed spec Result {
36 silly cache add   raw: '[env]',
36 silly cache add   scope: null,
36 silly cache add   escapedName: null,
36 silly cache add   name: null,
36 silly cache add   rawSpec: '[env]',
36 silly cache add   spec: '/Users/rafa/GitHub/mappeat_v2/mappeat/pruebas_node/[env]',
36 silly cache add   type: 'local' }
37 silly cache add parsed spec Result {
37 silly cache add   raw: '}',
37 silly cache add   scope: null,
37 silly cache add   escapedName: null,
37 silly cache add   name: null,
37 silly cache add   rawSpec: '}',
37 silly cache add   spec: '/Users/rafa/GitHub/mappeat_v2/mappeat/pruebas_node/}',
37 silly cache add   type: 'local' }
38 error addLocal Could not install /Users/rafa/GitHub/mappeat_v2/mappeat/pruebas_node/[latest]
39 silly fetchPackageMetaData Error: ENOENT: no such file or directory, open '/Users/rafa/GitHub/mappeat_v2/mappeat/pruebas_node/[latest]'
39 silly fetchPackageMetaData  error for [latest] { Error: ENOENT: no such file or directory, open '/Users/rafa/GitHub/mappeat_v2/mappeat/pruebas_node/[latest]'
39 silly fetchPackageMetaData   errno: -2,
39 silly fetchPackageMetaData   code: 'ENOENT',
39 silly fetchPackageMetaData   syscall: 'open',
39 silly fetchPackageMetaData   path: '/Users/rafa/GitHub/mappeat_v2/mappeat/pruebas_node/[latest]' }
40 error addLocal Could not install /Users/rafa/GitHub/mappeat_v2/mappeat/pruebas_node/} to {
41 silly fetchPackageMetaData Error: ENOENT: no such file or directory, open '/Users/rafa/GitHub/mappeat_v2/mappeat/pruebas_node/} to {'
41 silly fetchPackageMetaData  error for } to { { Error: ENOENT: no such file or directory, open '/Users/rafa/GitHub/mappeat_v2/mappeat/pruebas_node/} to {'
41 silly fetchPackageMetaData   errno: -2,
41 silly fetchPackageMetaData   code: 'ENOENT',
41 silly fetchPackageMetaData   syscall: 'open',
41 silly fetchPackageMetaData   path: '/Users/rafa/GitHub/mappeat_v2/mappeat/pruebas_node/} to {' }
42 error addLocal Could not install /Users/rafa/GitHub/mappeat_v2/mappeat/pruebas_node/[env]
43 silly fetchPackageMetaData Error: ENOENT: no such file or directory, open '/Users/rafa/GitHub/mappeat_v2/mappeat/pruebas_node/[env]'
43 silly fetchPackageMetaData  error for [env] { Error: ENOENT: no such file or directory, open '/Users/rafa/GitHub/mappeat_v2/mappeat/pruebas_node/[env]'
43 silly fetchPackageMetaData   errno: -2,
43 silly fetchPackageMetaData   code: 'ENOENT',
43 silly fetchPackageMetaData   syscall: 'open',
43 silly fetchPackageMetaData   path: '/Users/rafa/GitHub/mappeat_v2/mappeat/pruebas_node/[env]' }
44 error addLocal Could not install /Users/rafa/GitHub/mappeat_v2/mappeat/pruebas_node/}
45 silly fetchPackageMetaData Error: ENOENT: no such file or directory, open '/Users/rafa/GitHub/mappeat_v2/mappeat/pruebas_node/}'
45 silly fetchPackageMetaData  error for } { Error: ENOENT: no such file or directory, open '/Users/rafa/GitHub/mappeat_v2/mappeat/pruebas_node/}'
45 silly fetchPackageMetaData   errno: -2,
45 silly fetchPackageMetaData   code: 'ENOENT',
45 silly fetchPackageMetaData   syscall: 'open',
45 silly fetchPackageMetaData   path: '/Users/rafa/GitHub/mappeat_v2/mappeat/pruebas_node/}' }
46 verbose request uri https://registry.npmjs.org/babel-preset-env
47 verbose request no auth needed
48 info attempt registry request try #1 at 2:40:33
49 verbose request id 78c6a44e5c7fe456
50 verbose etag W/"58bff277-1b3b4"
51 verbose lastModified Wed, 08 Mar 2017 12:00:55 GMT
52 http request GET https://registry.npmjs.org/babel-preset-env
53 http 304 https://registry.npmjs.org/babel-preset-env
54 verbose headers { date: 'Thu, 09 Mar 2017 01:40:33 GMT',
54 verbose headers   via: '1.1 varnish',
54 verbose headers   'cache-control': 'max-age=300',
54 verbose headers   etag: 'W/"58bff277-1b3b4"',
54 verbose headers   age: '0',
54 verbose headers   connection: 'keep-alive',
54 verbose headers   'x-served-by': 'cache-cdg8720-CDG',
54 verbose headers   'x-cache': 'HIT',
54 verbose headers   'x-cache-hits': '1',
54 verbose headers   'x-timer': 'S1489023633.493243,VS0,VE106',
54 verbose headers   vary: 'Accept-Encoding' }
55 silly get cb [ 304,
55 silly get   { date: 'Thu, 09 Mar 2017 01:40:33 GMT',
55 silly get     via: '1.1 varnish',
55 silly get     'cache-control': 'max-age=300',
55 silly get     etag: 'W/"58bff277-1b3b4"',
55 silly get     age: '0',
55 silly get     connection: 'keep-alive',
55 silly get     'x-served-by': 'cache-cdg8720-CDG',
55 silly get     'x-cache': 'HIT',
55 silly get     'x-cache-hits': '1',
55 silly get     'x-timer': 'S1489023633.493243,VS0,VE106',
55 silly get     vary: 'Accept-Encoding' } ]
56 verbose etag https://registry.npmjs.org/babel-preset-env from cache
57 verbose get saving babel-preset-env to /Users/rafa/.npm/registry.npmjs.org/babel-preset-env/.cache.json
58 verbose correctMkdir /Users/rafa/.npm correctMkdir not in flight; initializing
59 silly rollbackFailedOptional Starting
60 silly rollbackFailedOptional Finishing
61 silly runTopLevelLifecycles Finishing
62 silly install printInstalled
63 verbose stack Error: Unsupported URL Type: presets:
63 verbose stack     at parseUrl (/usr/local/lib/node_modules/npm/node_modules/npm-package-arg/npa.js:186:13)
63 verbose stack     at npa (/usr/local/lib/node_modules/npm/node_modules/npm-package-arg/npa.js:79:12)
63 verbose stack     at module.exports (/usr/local/lib/node_modules/npm/node_modules/realize-package-specifier/index.js:12:15)
63 verbose stack     at fetchPackageMetadata (/usr/local/lib/node_modules/npm/lib/fetch-package-metadata.js:55:12)
63 verbose stack     at fetchMetadataWithVersion (/usr/local/lib/node_modules/npm/lib/install/deps.js:232:14)
63 verbose stack     at /usr/local/lib/node_modules/npm/lib/install/deps.js:245:16
63 verbose stack     at /usr/local/lib/node_modules/npm/node_modules/slide/lib/async-map.js:52:35
63 verbose stack     at Array.forEach (native)
63 verbose stack     at /usr/local/lib/node_modules/npm/node_modules/slide/lib/async-map.js:52:11
63 verbose stack     at Array.forEach (native)
64 verbose cwd /Users/rafa/GitHub/mappeat_v2/mappeat/pruebas_node
65 error Darwin 16.4.0
66 error argv "/usr/local/Cellar/node/7.7.1_1/bin/node" "/usr/local/bin/npm" "install" "babel-preset-env" "--save-dev. {" "presets:" "[latest]" "} to {" "presets:" "[env]" "}"
67 error node v7.7.1
68 error npm  v4.1.2
69 error Unsupported URL Type: presets:
70 error If you need help, you may report this error at:
70 error     <https://github.com/npm/npm/issues>
71 verbose exit [ 1, true ]
